<?xml version="1.0" encoding="UTF-8"?>
<testng-results ignored="0" total="3" passed="3" failed="0" skipped="0">
  <reporter-output>
  </reporter-output>
  <suite started-at="2025-12-28T14:50:29 IST" name="Cross Browser Tests" finished-at="2025-12-28T14:50:54 IST" duration-ms="24841">
    <groups>
    </groups>
    <test started-at="2025-12-28T14:50:29 IST" name="Chrome" finished-at="2025-12-28T14:50:51 IST" duration-ms="22207">
      <class name="test.LandingPageTest">
        <test-method is-config="true" signature="setUp(java.lang.String,java.lang.reflect.Method)[pri:0, instance:test.LandingPageTest@3116c353]" started-at="2025-12-28T14:50:29 IST" name="setUp" finished-at="2025-12-28T14:50:45 IST" duration-ms="15901" status="PASS">
          <params>
            <param index="0">
              <value>
                <![CDATA[chrome]]>
              </value>
            </param>
            <param index="1">
              <value>
                <![CDATA[public void test.LandingPageTest.verifySideMenuItems()]]>
              </value>
            </param>
          </params>
          <reporter-output>
          </reporter-output>
        </test-method> <!-- setUp -->
        <test-method signature="verifySideMenuItems()[pri:0, instance:test.LandingPageTest@3116c353]" started-at="2025-12-28T14:50:45 IST" name="verifySideMenuItems" finished-at="2025-12-28T14:50:51 IST" duration-ms="5553" status="PASS">
          <reporter-output>
          </reporter-output>
        </test-method> <!-- verifySideMenuItems -->
        <test-method is-config="true" signature="tearDowon(org.testng.ITestResult)[pri:0, instance:test.LandingPageTest@3116c353]" started-at="2025-12-28T14:50:51 IST" name="tearDowon" finished-at="2025-12-28T14:50:51 IST" duration-ms="698" status="PASS">
          <params>
            <param index="0">
              <value>
                <![CDATA[[TestResult name=verifySideMenuItems status=SUCCESS method=LandingPageTest.verifySideMenuItems()[pri:0, instance:test.LandingPageTest@3116c353] output={null}]]]>
              </value>
            </param>
          </params>
          <reporter-output>
          </reporter-output>
        </test-method> <!-- tearDowon -->
      </class> <!-- test.LandingPageTest -->
    </test> <!-- Chrome -->
    <test started-at="2025-12-28T14:50:29 IST" name="Edge" finished-at="2025-12-28T14:50:51 IST" duration-ms="22382">
      <class name="test.LandingPageTest">
        <test-method is-config="true" signature="setUp(java.lang.String,java.lang.reflect.Method)[pri:0, instance:test.LandingPageTest@1ef6d34c]" started-at="2025-12-28T14:50:29 IST" name="setUp" finished-at="2025-12-28T14:50:45 IST" duration-ms="15883" status="PASS">
          <params>
            <param index="0">
              <value>
                <![CDATA[edge]]>
              </value>
            </param>
            <param index="1">
              <value>
                <![CDATA[public void test.LandingPageTest.verifySideMenuItems()]]>
              </value>
            </param>
          </params>
          <reporter-output>
          </reporter-output>
        </test-method> <!-- setUp -->
        <test-method signature="verifySideMenuItems()[pri:0, instance:test.LandingPageTest@1ef6d34c]" started-at="2025-12-28T14:50:45 IST" name="verifySideMenuItems" finished-at="2025-12-28T14:50:51 IST" duration-ms="5477" status="PASS">
          <reporter-output>
          </reporter-output>
        </test-method> <!-- verifySideMenuItems -->
        <test-method is-config="true" signature="tearDowon(org.testng.ITestResult)[pri:0, instance:test.LandingPageTest@1ef6d34c]" started-at="2025-12-28T14:50:51 IST" name="tearDowon" finished-at="2025-12-28T14:50:51 IST" duration-ms="965" status="PASS">
          <params>
            <param index="0">
              <value>
                <![CDATA[[TestResult name=verifySideMenuItems status=SUCCESS method=LandingPageTest.verifySideMenuItems()[pri:0, instance:test.LandingPageTest@1ef6d34c] output={null}]]]>
              </value>
            </param>
          </params>
          <reporter-output>
          </reporter-output>
        </test-method> <!-- tearDowon -->
      </class> <!-- test.LandingPageTest -->
    </test> <!-- Edge -->
    <test started-at="2025-12-28T14:50:29 IST" name="Firefox" finished-at="2025-12-28T14:50:54 IST" duration-ms="24841">
      <class name="test.LandingPageTest">
        <test-method is-config="true" signature="setUp(java.lang.String,java.lang.reflect.Method)[pri:0, instance:test.LandingPageTest@6a47b187]" started-at="2025-12-28T14:50:29 IST" name="setUp" finished-at="2025-12-28T14:50:48 IST" duration-ms="18594" status="PASS">
          <params>
            <param index="0">
              <value>
                <![CDATA[firefox]]>
              </value>
            </param>
            <param index="1">
              <value>
                <![CDATA[public void test.LandingPageTest.verifySideMenuItems()]]>
              </value>
            </param>
          </params>
          <reporter-output>
          </reporter-output>
        </test-method> <!-- setUp -->
        <test-method signature="verifySideMenuItems()[pri:0, instance:test.LandingPageTest@6a47b187]" started-at="2025-12-28T14:50:48 IST" name="verifySideMenuItems" finished-at="2025-12-28T14:50:53 IST" duration-ms="5459" status="PASS">
          <reporter-output>
          </reporter-output>
        </test-method> <!-- verifySideMenuItems -->
        <test-method is-config="true" signature="tearDowon(org.testng.ITestResult)[pri:0, instance:test.LandingPageTest@6a47b187]" started-at="2025-12-28T14:50:53 IST" name="tearDowon" finished-at="2025-12-28T14:50:54 IST" duration-ms="737" status="PASS">
          <params>
            <param index="0">
              <value>
                <![CDATA[[TestResult name=verifySideMenuItems status=SUCCESS method=LandingPageTest.verifySideMenuItems()[pri:0, instance:test.LandingPageTest@6a47b187] output={null}]]]>
              </value>
            </param>
          </params>
          <reporter-output>
          </reporter-output>
        </test-method> <!-- tearDowon -->
      </class> <!-- test.LandingPageTest -->
    </test> <!-- Firefox -->
  </suite> <!-- Cross Browser Tests -->
</testng-results>
