<?xml version="1.0" encoding="UTF-8"?>
<testng-results ignored="0" total="1" passed="1" failed="0" skipped="0">
  <reporter-output>
  </reporter-output>
  <suite started-at="2025-12-26T15:42:30 IST" name="Default suite" finished-at="2025-12-26T15:42:56 IST" duration-ms="25705">
    <groups>
    </groups>
    <test started-at="2025-12-26T15:42:30 IST" name="Default test" finished-at="2025-12-26T15:42:56 IST" duration-ms="25705">
      <class name="test.LandingPageTest">
        <test-method is-config="true" signature="setUp(java.lang.reflect.Method)[pri:0, instance:test.LandingPageTest@42b3b079]" started-at="2025-12-26T15:42:30 IST" name="setUp" finished-at="2025-12-26T15:42:51 IST" duration-ms="21123" status="PASS">
          <params>
            <param index="0">
              <value>
                <![CDATA[public void test.LandingPageTest.verifySideMenuItems()]]>
              </value>
            </param>
          </params>
          <reporter-output>
          </reporter-output>
        </test-method> <!-- setUp -->
        <test-method signature="verifySideMenuItems()[pri:0, instance:test.LandingPageTest@42b3b079]" started-at="2025-12-26T15:42:51 IST" name="verifySideMenuItems" finished-at="2025-12-26T15:42:55 IST" duration-ms="3385" status="PASS">
          <reporter-output>
          </reporter-output>
        </test-method> <!-- verifySideMenuItems -->
        <test-method is-config="true" signature="tearDowon(org.testng.ITestResult)[pri:0, instance:test.LandingPageTest@42b3b079]" started-at="2025-12-26T15:42:55 IST" name="tearDowon" finished-at="2025-12-26T15:42:56 IST" duration-ms="1153" status="PASS">
          <params>
            <param index="0">
              <value>
                <![CDATA[[TestResult name=verifySideMenuItems status=SUCCESS method=LandingPageTest.verifySideMenuItems()[pri:0, instance:test.LandingPageTest@42b3b079] output={null}]]]>
              </value>
            </param>
          </params>
          <reporter-output>
          </reporter-output>
        </test-method> <!-- tearDowon -->
      </class> <!-- test.LandingPageTest -->
    </test> <!-- Default test -->
  </suite> <!-- Default suite -->
</testng-results>
