<?xml version="1.0" encoding="UTF-8"?>
<!-- Generated by org.testng.reporters.JUnitReportReporter -->
<testsuite hostname="LAPTOP-HOIPKMNS" failures="0" tests="3" name="test.LandingPageTest" time="69.267" errors="0" timestamp="2025-12-28T14:50:54 IST" skipped="0">
  <testcase classname="test.LandingPageTest" name="verifySideMenuItems" time="22.325"/>
  <testcase classname="test.LandingPageTest" name="verifySideMenuItems" time="24.790"/>
  <testcase classname="test.LandingPageTest" name="verifySideMenuItems" time="22.152"/>
</testsuite> <!-- test.LandingPageTest -->
