<?xml version="1.0" encoding="UTF-8"?>
<!-- Generated by org.testng.reporters.JUnitReportReporter -->
<testsuite hostname="LAPTOP-HOIPKMNS" failures="0" tests="3" name="test.LoginTest" time="80.637" errors="0" timestamp="2025-12-28T14:46:53 IST" skipped="0">
  <testcase classname="test.LoginTest" name="login" time="25.498"/>
  <testcase classname="test.LoginTest" name="login" time="25.514"/>
  <testcase classname="test.LoginTest" name="login" time="29.625"/>
</testsuite> <!-- test.LoginTest -->
