<?xml version="1.0" encoding="UTF-8"?>
<!-- Generated by org.testng.reporters.JUnitReportReporter -->
<testsuite hostname="LAPTOP-HOIPKMNS" failures="0" tests="3" name="test.LandingPageTest" time="66.519" errors="0" timestamp="2025-12-28T15:51:10 IST" skipped="0">
  <testcase classname="test.LandingPageTest" name="verifySideMenuItems" time="21.550"/>
  <testcase classname="test.LandingPageTest" name="verifySideMenuItems" time="23.645"/>
  <testcase classname="test.LandingPageTest" name="verifySideMenuItems" time="21.324"/>
</testsuite> <!-- test.LandingPageTest -->
