<?xml version="1.0" encoding="UTF-8"?>
<!-- Generated by org.testng.reporters.JUnitXMLReporter -->
<testsuite ignored="0" hostname="LAPTOP-HOIPKMNS" failures="0" tests="3" name="Basic Tests" time="69.06" errors="0" timestamp="2025-12-24T17:30:55 IST">
  <testcase classname="test.FirstTest" name="verifyTest" time="0.952"/>
  <testcase classname="test.LoginTest" name="login" time="9.301"/>
  <testcase classname="test.LandingPageTest" name="verifySideMenuItems" time="3.498"/>
</testsuite> <!-- Basic Tests -->
