<?xml version="1.0" encoding="UTF-8"?>
<!-- Generated by org.testng.reporters.JUnitXMLReporter -->
<testsuite ignored="0" hostname="LAPTOP-HOIPKMNS" failures="1" tests="2" name="Basic Tests" time="27.315" errors="0" timestamp="2025-12-24T11:27:07 IST">
  <testcase classname="test.FirstTest" name="verifyTest" time="0.993"/>
  <testcase classname="test.LoginTest" name="test" time="6.464">
    <failure type="java.lang.AssertionError" message="Profile/menu not found after login. Page snapshot length=6699">
      <![CDATA[java.lang.AssertionError: Profile/menu not found after login. Page snapshot length=6699
at test.LoginTest.test(LoginTest.java:37)
at java.base/java.util.ArrayList.forEach(ArrayList.java:1596)
... Removed 26 stack frames]]>
    </failure>
  </testcase> <!-- test -->
</testsuite> <!-- Basic Tests -->
